<?xml version="1.0" encoding="UTF-8"?>
<testng-results skipped="0" failed="0" total="1" passed="1">
  <reporter-output>
  </reporter-output>
  <suite name="Suite" duration-ms="55914" started-at="2020-04-06T19:12:01Z" finished-at="2020-04-06T19:12:57Z">
    <groups>
    </groups>
    <test name="Test" duration-ms="55914" started-at="2020-04-06T19:12:01Z" finished-at="2020-04-06T19:12:57Z">
      <class name="com.flipkart.testscripts.AddProduct">
        <test-method status="PASS" signature="configBC()[pri:0, instance:com.flipkart.testscripts.AddProduct@51efea79]" name="configBC" is-config="true" duration-ms="29709" started-at="2020-04-07T00:42:01Z" finished-at="2020-04-07T00:42:31Z">
          <reporter-output>
          </reporter-output>
        </test-method> <!-- configBC -->
        <test-method status="PASS" signature="addProductTest()[pri:0, instance:com.flipkart.testscripts.AddProduct@51efea79]" name="addProductTest" duration-ms="26051" started-at="2020-04-07T00:42:31Z" finished-at="2020-04-07T00:42:57Z">
          <reporter-output>
          </reporter-output>
        </test-method> <!-- addProductTest -->
        <test-method status="PASS" signature="configAC()[pri:0, instance:com.flipkart.testscripts.AddProduct@51efea79]" name="configAC" is-config="true" duration-ms="1" started-at="2020-04-07T00:42:57Z" finished-at="2020-04-07T00:42:57Z">
          <reporter-output>
          </reporter-output>
        </test-method> <!-- configAC -->
      </class> <!-- com.flipkart.testscripts.AddProduct -->
    </test> <!-- Test -->
  </suite> <!-- Suite -->
</testng-results>
